2025/07/24 14:11:06 [warn] 1#1: the "listen ... http2" directive is deprecated, use the "http2" directive instead in /etc/nginx/nginx.conf:77
2025/07/24 14:11:06 [warn] 1#1: "ssl_stapling" ignored, issuer certificate not found for certificate "/etc/nginx/ssl/cert.pem"
2025/07/24 14:11:06 [notice] 1#1: using the "epoll" event method
2025/07/24 14:11:06 [notice] 1#1: nginx/1.29.0
2025/07/24 14:11:06 [notice] 1#1: built by gcc 14.2.0 (Alpine 14.2.0) 
2025/07/24 14:11:06 [notice] 1#1: OS: Linux 6.6.12-linuxkit
2025/07/24 14:11:06 [notice] 1#1: getrlimit(RLIMIT_NOFILE): 1048576:1048576
2025/07/24 14:11:06 [notice] 1#1: start worker processes
2025/07/24 14:11:06 [notice] 1#1: start worker process 30
2025/07/24 14:11:06 [notice] 1#1: start worker process 31
2025/07/24 14:11:06 [notice] 1#1: start worker process 32
2025/07/24 14:11:06 [notice] 1#1: start worker process 33
2025/07/24 14:11:06 [notice] 1#1: start worker process 34
2025/07/24 14:11:06 [notice] 1#1: start worker process 35
2025/07/24 14:11:06 [notice] 1#1: start worker process 36
2025/07/24 14:11:06 [notice] 1#1: start worker process 37
2025/07/24 14:16:03 [notice] 1#1: signal 3 (SIGQUIT) received, shutting down
2025/07/24 14:16:03 [notice] 30#30: gracefully shutting down
2025/07/24 14:16:03 [notice] 37#37: gracefully shutting down
2025/07/24 14:16:03 [notice] 31#31: gracefully shutting down
2025/07/24 14:16:03 [notice] 35#35: gracefully shutting down
2025/07/24 14:16:03 [notice] 34#34: gracefully shutting down
2025/07/24 14:16:03 [notice] 36#36: gracefully shutting down
2025/07/24 14:16:03 [notice] 36#36: exiting
2025/07/24 14:16:03 [notice] 37#37: exiting
2025/07/24 14:16:03 [notice] 32#32: gracefully shutting down
2025/07/24 14:16:03 [notice] 33#33: gracefully shutting down
2025/07/24 14:16:03 [notice] 35#35: exiting
2025/07/24 14:16:03 [notice] 34#34: exiting
2025/07/24 14:16:03 [notice] 30#30: exiting
2025/07/24 14:16:03 [notice] 32#32: exiting
2025/07/24 14:16:03 [notice] 33#33: exiting
2025/07/24 14:16:03 [notice] 37#37: exit
2025/07/24 14:16:03 [notice] 36#36: exit
2025/07/24 14:16:03 [notice] 35#35: exit
2025/07/24 14:16:03 [notice] 34#34: exit
2025/07/24 14:16:03 [notice] 30#30: exit
2025/07/24 14:16:03 [notice] 32#32: exit
2025/07/24 14:16:03 [notice] 33#33: exit
2025/07/24 14:16:03 [notice] 1#1: signal 17 (SIGCHLD) received from 35
2025/07/24 14:16:03 [notice] 1#1: worker process 35 exited with code 0
2025/07/24 14:16:03 [notice] 1#1: worker process 37 exited with code 0
2025/07/24 14:16:03 [notice] 1#1: signal 29 (SIGIO) received
2025/07/24 14:16:03 [notice] 1#1: signal 17 (SIGCHLD) received from 36
2025/07/24 14:16:03 [notice] 1#1: worker process 30 exited with code 0
2025/07/24 14:16:03 [notice] 1#1: worker process 32 exited with code 0
2025/07/24 14:16:03 [notice] 1#1: worker process 33 exited with code 0
2025/07/24 14:16:03 [notice] 1#1: worker process 34 exited with code 0
2025/07/24 14:16:03 [notice] 1#1: worker process 36 exited with code 0
2025/07/24 14:16:03 [notice] 1#1: signal 29 (SIGIO) received
2025/07/24 14:16:03 [notice] 1#1: signal 17 (SIGCHLD) received from 34
2025/07/24 14:18:19 [warn] 1#1: the "listen ... http2" directive is deprecated, use the "http2" directive instead in /etc/nginx/nginx.conf:77
2025/07/24 14:18:19 [warn] 1#1: "ssl_stapling" ignored, issuer certificate not found for certificate "/etc/nginx/ssl/cert.pem"
2025/07/24 14:18:19 [notice] 1#1: using the "epoll" event method
2025/07/24 14:18:19 [notice] 1#1: nginx/1.29.0
2025/07/24 14:18:19 [notice] 1#1: built by gcc 14.2.0 (Alpine 14.2.0) 
2025/07/24 14:18:19 [notice] 1#1: OS: Linux 6.6.12-linuxkit
2025/07/24 14:18:19 [notice] 1#1: getrlimit(RLIMIT_NOFILE): 1048576:1048576
2025/07/24 14:18:19 [notice] 1#1: start worker processes
2025/07/24 14:18:19 [notice] 1#1: start worker process 30
2025/07/24 14:18:19 [notice] 1#1: start worker process 31
2025/07/24 14:18:19 [notice] 1#1: start worker process 32
2025/07/24 14:18:19 [notice] 1#1: start worker process 33
2025/07/24 14:18:19 [notice] 1#1: start worker process 34
2025/07/24 14:18:19 [notice] 1#1: start worker process 35
2025/07/24 14:18:19 [notice] 1#1: start worker process 36
2025/07/24 14:18:19 [notice] 1#1: start worker process 37
2025/07/24 14:18:28 [error] 30#30: *1 connect() failed (113: Host is unreachable) while connecting to upstream, client: 192.168.65.1, server: _, request: "GET /health HTTP/2.0", upstream: "http://172.19.0.3:3001/api/health", host: "localhost"
2025/07/24 14:19:02 [notice] 1#1: signal 3 (SIGQUIT) received, shutting down
2025/07/24 14:19:02 [notice] 30#30: gracefully shutting down
2025/07/24 14:19:02 [notice] 33#33: gracefully shutting down
2025/07/24 14:19:02 [notice] 31#31: gracefully shutting down
2025/07/24 14:19:02 [notice] 36#36: gracefully shutting down
2025/07/24 14:19:02 [notice] 31#31: exiting
2025/07/24 14:19:02 [notice] 34#34: gracefully shutting down
2025/07/24 14:19:02 [notice] 37#37: gracefully shutting down
2025/07/24 14:19:02 [notice] 34#34: exiting
2025/07/24 14:19:02 [notice] 32#32: gracefully shutting down
2025/07/24 14:19:02 [notice] 35#35: gracefully shutting down
2025/07/24 14:19:02 [notice] 32#32: exiting
2025/07/24 14:19:02 [notice] 30#30: exiting
2025/07/24 14:19:02 [notice] 33#33: exiting
2025/07/24 14:19:02 [notice] 36#36: exiting
2025/07/24 14:19:02 [notice] 33#33: exit
2025/07/24 14:19:02 [notice] 37#37: exiting
2025/07/24 14:19:02 [notice] 34#34: exit
2025/07/24 14:19:02 [notice] 31#31: exit
2025/07/24 14:19:02 [notice] 35#35: exiting
2025/07/24 14:19:02 [notice] 32#32: exit
2025/07/24 14:19:02 [notice] 30#30: exit
2025/07/24 14:19:02 [notice] 36#36: exit
2025/07/24 14:19:02 [notice] 37#37: exit
2025/07/24 14:19:02 [notice] 35#35: exit
2025/07/24 14:19:02 [notice] 1#1: signal 17 (SIGCHLD) received from 34
2025/07/24 14:19:02 [notice] 1#1: worker process 34 exited with code 0
2025/07/24 14:19:02 [notice] 1#1: signal 29 (SIGIO) received
2025/07/24 14:19:02 [notice] 1#1: signal 17 (SIGCHLD) received from 36
2025/07/24 14:19:02 [notice] 1#1: worker process 30 exited with code 0
2025/07/24 14:19:02 [notice] 1#1: worker process 31 exited with code 0
2025/07/24 14:19:02 [notice] 1#1: worker process 32 exited with code 0
2025/07/24 14:19:02 [notice] 1#1: worker process 33 exited with code 0
2025/07/24 14:19:02 [notice] 1#1: worker process 35 exited with code 0
2025/07/24 14:19:02 [notice] 1#1: worker process 36 exited with code 0
2025/07/24 14:19:02 [notice] 1#1: worker process 37 exited with code 0
2025/07/24 14:19:02 [notice] 1#1: exit
2025/07/24 14:19:30 [warn] 1#1: the "listen ... http2" directive is deprecated, use the "http2" directive instead in /etc/nginx/nginx.conf:77
2025/07/24 14:19:30 [warn] 1#1: "ssl_stapling" ignored, issuer certificate not found for certificate "/etc/nginx/ssl/cert.pem"
2025/07/24 14:19:30 [notice] 1#1: using the "epoll" event method
2025/07/24 14:19:30 [notice] 1#1: nginx/1.29.0
2025/07/24 14:19:30 [notice] 1#1: built by gcc 14.2.0 (Alpine 14.2.0) 
2025/07/24 14:19:30 [notice] 1#1: OS: Linux 6.6.12-linuxkit
2025/07/24 14:19:30 [notice] 1#1: getrlimit(RLIMIT_NOFILE): 1048576:1048576
2025/07/24 14:19:30 [notice] 1#1: start worker processes
2025/07/24 14:19:30 [notice] 1#1: start worker process 30
2025/07/24 14:19:30 [notice] 1#1: start worker process 31
2025/07/24 14:19:30 [notice] 1#1: start worker process 32
2025/07/24 14:19:30 [notice] 1#1: start worker process 33
2025/07/24 14:19:30 [notice] 1#1: start worker process 34
2025/07/24 14:19:30 [notice] 1#1: start worker process 35
2025/07/24 14:19:30 [notice] 1#1: start worker process 36
2025/07/24 14:19:30 [notice] 1#1: start worker process 37
2025/07/24 14:21:20 [notice] 1#1: signal 3 (SIGQUIT) received, shutting down
2025/07/24 14:21:20 [notice] 30#30: gracefully shutting down
2025/07/24 14:21:20 [notice] 31#31: gracefully shutting down
2025/07/24 14:21:20 [notice] 35#35: gracefully shutting down
2025/07/24 14:21:20 [notice] 34#34: gracefully shutting down
2025/07/24 14:21:20 [notice] 33#33: gracefully shutting down
2025/07/24 14:21:20 [notice] 37#37: gracefully shutting down
2025/07/24 14:21:20 [notice] 33#33: exiting
2025/07/24 14:21:20 [notice] 36#36: gracefully shutting down
2025/07/24 14:21:20 [notice] 32#32: gracefully shutting down
2025/07/24 14:21:20 [notice] 30#30: exiting
2025/07/24 14:21:20 [notice] 31#31: exiting
2025/07/24 14:21:20 [notice] 35#35: exiting
2025/07/24 14:21:20 [notice] 34#34: exiting
2025/07/24 14:21:20 [notice] 37#37: exiting
2025/07/24 14:21:20 [notice] 36#36: exiting
2025/07/24 14:21:20 [notice] 35#35: exit
2025/07/24 14:21:20 [notice] 32#32: exiting
2025/07/24 14:21:20 [notice] 30#30: exit
2025/07/24 14:21:20 [notice] 33#33: exit
2025/07/24 14:21:20 [notice] 31#31: exit
2025/07/24 14:21:20 [notice] 34#34: exit
2025/07/24 14:21:20 [notice] 37#37: exit
2025/07/24 14:21:20 [notice] 36#36: exit
2025/07/24 14:21:20 [notice] 32#32: exit
2025/07/24 14:21:20 [notice] 1#1: signal 17 (SIGCHLD) received from 37
2025/07/24 14:21:20 [notice] 1#1: worker process 37 exited with code 0
2025/07/24 14:21:20 [notice] 1#1: signal 29 (SIGIO) received
2025/07/24 14:21:20 [notice] 1#1: signal 17 (SIGCHLD) received from 30
2025/07/24 14:21:20 [notice] 1#1: worker process 30 exited with code 0
2025/07/24 14:21:20 [notice] 1#1: worker process 31 exited with code 0
2025/07/24 14:21:20 [notice] 1#1: worker process 32 exited with code 0
2025/07/24 14:21:20 [notice] 1#1: worker process 33 exited with code 0
2025/07/24 14:21:20 [notice] 1#1: worker process 34 exited with code 0
2025/07/24 14:21:20 [notice] 1#1: worker process 35 exited with code 0
2025/07/24 14:21:20 [notice] 1#1: worker process 36 exited with code 0
2025/07/24 14:21:20 [notice] 1#1: exit
2025/07/24 14:21:45 [warn] 1#1: the "listen ... http2" directive is deprecated, use the "http2" directive instead in /etc/nginx/nginx.conf:77
2025/07/24 14:21:45 [warn] 1#1: "ssl_stapling" ignored, issuer certificate not found for certificate "/etc/nginx/ssl/cert.pem"
2025/07/24 14:21:45 [notice] 1#1: using the "epoll" event method
2025/07/24 14:21:45 [notice] 1#1: nginx/1.29.0
2025/07/24 14:21:45 [notice] 1#1: built by gcc 14.2.0 (Alpine 14.2.0) 
2025/07/24 14:21:45 [notice] 1#1: OS: Linux 6.6.12-linuxkit
2025/07/24 14:21:45 [notice] 1#1: getrlimit(RLIMIT_NOFILE): 1048576:1048576
2025/07/24 14:21:45 [notice] 1#1: start worker processes
2025/07/24 14:21:45 [notice] 1#1: start worker process 30
2025/07/24 14:21:45 [notice] 1#1: start worker process 31
2025/07/24 14:21:45 [notice] 1#1: start worker process 32
2025/07/24 14:21:45 [notice] 1#1: start worker process 33
2025/07/24 14:21:45 [notice] 1#1: start worker process 34
2025/07/24 14:21:45 [notice] 1#1: start worker process 35
2025/07/24 14:21:45 [notice] 1#1: start worker process 36
2025/07/24 14:21:45 [notice] 1#1: start worker process 37
2025/07/24 14:22:55 [error] 30#30: *2 connect() failed (111: Connection refused) while connecting to upstream, client: 192.168.65.1, server: _, request: "GET / HTTP/2.0", upstream: "http://172.21.0.3:3001/", host: "localhost"
2025/07/24 14:23:41 [notice] 1#1: signal 3 (SIGQUIT) received, shutting down
2025/07/24 14:23:41 [notice] 32#32: gracefully shutting down
2025/07/24 14:23:41 [notice] 30#30: gracefully shutting down
2025/07/24 14:23:41 [notice] 31#31: gracefully shutting down
2025/07/24 14:23:41 [notice] 33#33: gracefully shutting down
2025/07/24 14:23:41 [notice] 31#31: exiting
2025/07/24 14:23:41 [notice] 35#35: gracefully shutting down
2025/07/24 14:23:41 [notice] 37#37: gracefully shutting down
2025/07/24 14:23:41 [notice] 32#32: exiting
2025/07/24 14:23:41 [notice] 31#31: exit
2025/07/24 14:23:41 [notice] 34#34: gracefully shutting down
2025/07/24 14:23:41 [notice] 36#36: gracefully shutting down
2025/07/24 14:23:41 [notice] 30#30: exiting
2025/07/24 14:23:41 [notice] 33#33: exiting
2025/07/24 14:23:41 [notice] 35#35: exiting
2025/07/24 14:23:41 [notice] 37#37: exiting
2025/07/24 14:23:41 [notice] 32#32: exit
2025/07/24 14:23:41 [notice] 34#34: exiting
2025/07/24 14:23:41 [notice] 36#36: exiting
2025/07/24 14:23:41 [notice] 30#30: exit
2025/07/24 14:23:41 [notice] 34#34: exit
2025/07/24 14:23:41 [notice] 33#33: exit
2025/07/24 14:23:41 [notice] 35#35: exit
2025/07/24 14:23:41 [notice] 37#37: exit
2025/07/24 14:23:41 [notice] 36#36: exit
2025/07/24 14:23:41 [notice] 1#1: signal 17 (SIGCHLD) received from 34
2025/07/24 14:23:41 [notice] 1#1: worker process 30 exited with code 0
2025/07/24 14:23:41 [notice] 1#1: worker process 31 exited with code 0
2025/07/24 14:23:41 [notice] 1#1: worker process 32 exited with code 0
2025/07/24 14:23:41 [notice] 1#1: worker process 33 exited with code 0
2025/07/24 14:23:41 [notice] 1#1: worker process 34 exited with code 0
2025/07/24 14:23:41 [notice] 1#1: worker process 35 exited with code 0
2025/07/24 14:23:41 [notice] 1#1: worker process 37 exited with code 0
2025/07/24 14:23:41 [notice] 1#1: signal 29 (SIGIO) received
2025/07/24 14:23:41 [notice] 1#1: signal 17 (SIGCHLD) received from 33
2025/07/24 14:23:41 [notice] 1#1: signal 17 (SIGCHLD) received from 36
2025/07/24 14:23:41 [notice] 1#1: worker process 36 exited with code 0
2025/07/24 14:23:41 [notice] 1#1: exit
2025/07/24 14:25:01 [warn] 1#1: the "listen ... http2" directive is deprecated, use the "http2" directive instead in /etc/nginx/nginx.conf:77
2025/07/24 14:25:01 [warn] 1#1: "ssl_stapling" ignored, issuer certificate not found for certificate "/etc/nginx/ssl/cert.pem"
2025/07/24 14:25:01 [notice] 1#1: using the "epoll" event method
2025/07/24 14:25:01 [notice] 1#1: nginx/1.29.0
2025/07/24 14:25:01 [notice] 1#1: built by gcc 14.2.0 (Alpine 14.2.0) 
2025/07/24 14:25:01 [notice] 1#1: OS: Linux 6.6.12-linuxkit
2025/07/24 14:25:01 [notice] 1#1: getrlimit(RLIMIT_NOFILE): 1048576:1048576
2025/07/24 14:25:01 [notice] 1#1: start worker processes
2025/07/24 14:25:01 [notice] 1#1: start worker process 30
2025/07/24 14:25:01 [notice] 1#1: start worker process 31
2025/07/24 14:25:01 [notice] 1#1: start worker process 32
2025/07/24 14:25:01 [notice] 1#1: start worker process 33
2025/07/24 14:25:01 [notice] 1#1: start worker process 34
2025/07/24 14:25:01 [notice] 1#1: start worker process 35
2025/07/24 14:25:01 [notice] 1#1: start worker process 36
2025/07/24 14:25:01 [notice] 1#1: start worker process 37
2025/07/24 14:26:27 [notice] 1#1: signal 3 (SIGQUIT) received, shutting down
2025/07/24 14:26:27 [notice] 30#30: gracefully shutting down
2025/07/24 14:26:27 [notice] 31#31: gracefully shutting down
2025/07/24 14:26:27 [notice] 37#37: gracefully shutting down
2025/07/24 14:26:27 [notice] 33#33: gracefully shutting down
2025/07/24 14:26:27 [notice] 34#34: gracefully shutting down
2025/07/24 14:26:27 [notice] 35#35: gracefully shutting down
2025/07/24 14:26:27 [notice] 32#32: gracefully shutting down
2025/07/24 14:26:27 [notice] 36#36: gracefully shutting down
2025/07/24 14:26:27 [notice] 37#37: exiting
2025/07/24 14:26:27 [notice] 33#33: exiting
2025/07/24 14:26:27 [notice] 34#34: exiting
2025/07/24 14:26:27 [notice] 35#35: exiting
2025/07/24 14:26:27 [notice] 37#37: exit
2025/07/24 14:26:27 [notice] 32#32: exiting
2025/07/24 14:26:27 [notice] 36#36: exiting
2025/07/24 14:26:27 [notice] 34#34: exit
2025/07/24 14:26:27 [notice] 33#33: exit
2025/07/24 14:26:27 [notice] 35#35: exit
2025/07/24 14:26:27 [notice] 32#32: exit
2025/07/24 14:26:27 [notice] 36#36: exit
2025/07/24 14:26:27 [notice] 1#1: signal 17 (SIGCHLD) received from 35
2025/07/24 14:26:27 [notice] 1#1: worker process 32 exited with code 0
2025/07/24 14:26:27 [notice] 1#1: worker process 33 exited with code 0
2025/07/24 14:26:27 [notice] 1#1: worker process 34 exited with code 0
2025/07/24 14:26:27 [notice] 1#1: worker process 35 exited with code 0
2025/07/24 14:26:27 [notice] 1#1: worker process 36 exited with code 0
2025/07/24 14:26:27 [notice] 1#1: worker process 37 exited with code 0
2025/07/24 14:26:27 [notice] 1#1: signal 29 (SIGIO) received
2025/07/24 14:26:27 [notice] 1#1: signal 17 (SIGCHLD) received from 36
